<?xml version="1.0" encoding="UTF-8"?>
<testsuite xmlns:xsi="http://www.w3.org/2001/XMLSchema-instance" xsi:noNamespaceSchemaLocation="https://maven.apache.org/surefire/maven-surefire-plugin/xsd/surefire-test-report-3.0.xsd" version="3.0" name="br.com.eatswift.eatswiftbackend.EatSwiftBackendApplicationTests" time="3.853" tests="1" errors="0" skipped="0" failures="0">
  <properties>
[...]
</properties>
  <testcase name="contextLoads" classname="br.com.eatswift.eatswiftbackend.EatSwiftBackendApplicationTests" time="0.684">
    <system-out><![CDATA[08:26:20.572 [main] INFO org.springframework.test.context.support.AnnotationConfigContextLoaderUtils -- Could not detect default configuration classes for test class [br.com.eatswift.eatswiftbackend.EatSwiftBackendApplicationTests]: EatSwiftBackendApplicationTests does not declare any static, non-private, non-final, nested classes annotated with @Configuration.
08:26:20.657 [main] INFO org.springframework.boot.test.context.SpringBootTestContextBootstrapper -- Found @SpringBootConfiguration br.com.eatswift.eatswiftbackend.EatSwiftBackendApplication for test class br.com.eatswift.eatswiftbackend.EatSwiftBackendApplicationTests
08:26:20.777 [main] INFO org.springframework.boot.devtools.restart.RestartApplicationListener -- Restart disabled due to context in which it is running

  .   ____          _            __ _ _
 /\\ / ___'_ __ _ _(_)_ __  __ _ \ \ \ \
( ( )\___ | '_ | '_| | '_ \/ _` | \ \ \ \
 \\/  ___)| |_)| | | | | || (_| |  ) ) ) )
  '  |____| .__|_| |_|_| |_\__, | / / / /
 =========|_|==============|___/=/_/_/_/
 :: Spring Boot ::                (v3.2.3)

2024-04-14T08:26:20.962-03:00  INFO 17280 --- [           main] b.c.e.e.EatSwiftBackendApplicationTests  : Starting EatSwiftBackendApplicationTests using Java 21.0.2 with PID 17280 (started by rodri in C:\Users\rodri\projetos\projeto-fullstack-development\eat-swift-backend)
2024-04-14T08:26:20.963-03:00  INFO 17280 --- [           main] b.c.e.e.EatSwiftBackendApplicationTests  : No active profile set, falling back to 1 default profile: "default"
2024-04-14T08:26:21.593-03:00  INFO 17280 --- [           main] .s.d.r.c.RepositoryConfigurationDelegate : Bootstrapping Spring Data MongoDB repositories in DEFAULT mode.
2024-04-14T08:26:21.641-03:00  INFO 17280 --- [           main] .s.d.r.c.RepositoryConfigurationDelegate : Finished Spring Data repository scanning in 44 ms. Found 4 MongoDB repository interfaces.
2024-04-14T08:26:21.983-03:00  INFO 17280 --- [b1m.mongodb.net] org.mongodb.driver.cluster               : Adding discovered server ac-gb69mf8-shard-00-00.kqngb1m.mongodb.net:27017 to client view of cluster
2024-04-14T08:26:21.991-03:00  INFO 17280 --- [           main] org.mongodb.driver.client                : MongoClient with metadata {"application": {"name": "Cluster"}, "driver": {"name": "mongo-java-driver|sync|spring-boot", "version": "4.11.1"}, "os": {"type": "Windows", "name": "Windows 11", "architecture": "amd64", "version": "10.0"}, "platform": "Java/Amazon.com Inc./21.0.2+13-LTS"} created with settings MongoClientSettings{readPreference=primary, writeConcern=WriteConcern{w=majority, wTimeout=null ms, journal=null}, retryWrites=true, retryReads=true, readConcern=ReadConcern{level=null}, credential=MongoCredential{mechanism=null, userName='admin', source='admin', password=<hidden>, mechanismProperties=<hidden>}, transportSettings=null, streamFactoryFactory=null, commandListeners=[], codecRegistry=ProvidersCodecRegistry{codecProviders=[ValueCodecProvider{}, BsonValueCodecProvider{}, DBRefCodecProvider{}, DBObjectCodecProvider{}, DocumentCodecProvider{}, CollectionCodecProvider{}, IterableCodecProvider{}, MapCodecProvider{}, GeoJsonCodecProvider{}, GridFSFileCodecProvider{}, Jsr310CodecProvider{}, JsonObjectCodecProvider{}, BsonCodecProvider{}, EnumCodecProvider{}, com.mongodb.client.model.mql.ExpressionCodecProvider@5f05c8d6, com.mongodb.Jep395RecordCodecProvider@68e02f33, com.mongodb.KotlinCodecProvider@64942607]}, loggerSettings=LoggerSettings{maxDocumentLength=1000}, clusterSettings={hosts=[127.0.0.1:27017], srvHost=cluster.kqngb1m.mongodb.net, srvServiceName=mongodb, mode=MULTIPLE, requiredClusterType=REPLICA_SET, requiredReplicaSetName='atlas-pvnqoy-shard-0', serverSelector='null', clusterListeners='[]', serverSelectionTimeout='30000 ms', localThreshold='15 ms'}, socketSettings=SocketSettings{connectTimeoutMS=10000, readTimeoutMS=0, receiveBufferSize=0, proxySettings=ProxySettings{host=null, port=null, username=null, password=null}}, heartbeatSocketSettings=SocketSettings{connectTimeoutMS=10000, readTimeoutMS=10000, receiveBufferSize=0, proxySettings=ProxySettings{host=null, port=null, username=null, password=null}}, connectionPoolSettings=ConnectionPoolSettings{maxSize=100, minSize=0, maxWaitTimeMS=120000, maxConnectionLifeTimeMS=0, maxConnectionIdleTimeMS=0, maintenanceInitialDelayMS=0, maintenanceFrequencyMS=60000, connectionPoolListeners=[], maxConnecting=2}, serverSettings=ServerSettings{heartbeatFrequencyMS=10000, minHeartbeatFrequencyMS=500, serverListeners='[]', serverMonitorListeners='[]'}, sslSettings=SslSettings{enabled=true, invalidHostNameAllowed=false, context=null}, applicationName='Cluster', compressorList=[], uuidRepresentation=JAVA_LEGACY, serverApi=null, autoEncryptionSettings=null, dnsClient=null, inetAddressResolver=null, contextProvider=null}
2024-04-14T08:26:22.002-03:00  INFO 17280 --- [b1m.mongodb.net] org.mongodb.driver.cluster               : Adding discovered server ac-gb69mf8-shard-00-02.kqngb1m.mongodb.net:27017 to client view of cluster
2024-04-14T08:26:22.003-03:00  INFO 17280 --- [b1m.mongodb.net] org.mongodb.driver.cluster               : Adding discovered server ac-gb69mf8-shard-00-01.kqngb1m.mongodb.net:27017 to client view of cluster
2024-04-14T08:26:22.548-03:00  INFO 17280 --- [ngodb.net:27017] org.mongodb.driver.cluster               : Monitor thread successfully connected to server with description ServerDescription{address=ac-gb69mf8-shard-00-01.kqngb1m.mongodb.net:27017, type=REPLICA_SET_SECONDARY, state=CONNECTED, ok=true, minWireVersion=0, maxWireVersion=21, maxDocumentSize=16777216, logicalSessionTimeoutMinutes=30, roundTripTimeNanos=355252500, setName='atlas-pvnqoy-shard-0', canonicalAddress=ac-gb69mf8-shard-00-01.kqngb1m.mongodb.net:27017, hosts=[ac-gb69mf8-shard-00-00.kqngb1m.mongodb.net:27017, ac-gb69mf8-shard-00-02.kqngb1m.mongodb.net:27017, ac-gb69mf8-shard-00-01.kqngb1m.mongodb.net:27017], passives=[], arbiters=[], primary='ac-gb69mf8-shard-00-02.kqngb1m.mongodb.net:27017', tagSet=TagSet{[Tag{name='availabilityZone', value='sae1-az3'}, Tag{name='diskState', value='READY'}, Tag{name='nodeType', value='ELECTABLE'}, Tag{name='provider', value='AWS'}, Tag{name='region', value='SA_EAST_1'}, Tag{name='workloadType', value='OPERATIONAL'}]}, electionId=null, setVersion=2, topologyVersion=TopologyVersion{processId=660ffc968037a9c49aedf9ab, counter=3}, lastWriteDate=Sun Apr 14 08:26:22 BRT 2024, lastUpdateTimeNanos=209298204800}
2024-04-14T08:26:22.548-03:00  INFO 17280 --- [ngodb.net:27017] org.mongodb.driver.cluster               : Monitor thread successfully connected to server with description ServerDescription{address=ac-gb69mf8-shard-00-00.kqngb1m.mongodb.net:27017, type=REPLICA_SET_SECONDARY, state=CONNECTED, ok=true, minWireVersion=0, maxWireVersion=21, maxDocumentSize=16777216, logicalSessionTimeoutMinutes=30, roundTripTimeNanos=355435200, setName='atlas-pvnqoy-shard-0', canonicalAddress=ac-gb69mf8-shard-00-00.kqngb1m.mongodb.net:27017, hosts=[ac-gb69mf8-shard-00-00.kqngb1m.mongodb.net:27017, ac-gb69mf8-shard-00-02.kqngb1m.mongodb.net:27017, ac-gb69mf8-shard-00-01.kqngb1m.mongodb.net:27017], passives=[], arbiters=[], primary='ac-gb69mf8-shard-00-02.kqngb1m.mongodb.net:27017', tagSet=TagSet{[Tag{name='availabilityZone', value='sae1-az1'}, Tag{name='diskState', value='READY'}, Tag{name='nodeType', value='ELECTABLE'}, Tag{name='provider', value='AWS'}, Tag{name='region', value='SA_EAST_1'}, Tag{name='workloadType', value='OPERATIONAL'}]}, electionId=null, setVersion=2, topologyVersion=TopologyVersion{processId=660ffbf31fe5a3ab4a4a86d2, counter=4}, lastWriteDate=Sun Apr 14 08:26:22 BRT 2024, lastUpdateTimeNanos=209298213800}
2024-04-14T08:26:22.550-03:00  INFO 17280 --- [ngodb.net:27017] org.mongodb.driver.cluster               : Monitor thread successfully connected to server with description ServerDescription{address=ac-gb69mf8-shard-00-02.kqngb1m.mongodb.net:27017, type=REPLICA_SET_PRIMARY, state=CONNECTED, ok=true, minWireVersion=0, maxWireVersion=21, maxDocumentSize=16777216, logicalSessionTimeoutMinutes=30, roundTripTimeNanos=353907600, setName='atlas-pvnqoy-shard-0', canonicalAddress=ac-gb69mf8-shard-00-02.kqngb1m.mongodb.net:27017, hosts=[ac-gb69mf8-shard-00-00.kqngb1m.mongodb.net:27017, ac-gb69mf8-shard-00-02.kqngb1m.mongodb.net:27017, ac-gb69mf8-shard-00-01.kqngb1m.mongodb.net:27017], passives=[], arbiters=[], primary='ac-gb69mf8-shard-00-02.kqngb1m.mongodb.net:27017', tagSet=TagSet{[Tag{name='availabilityZone', value='sae1-az2'}, Tag{name='diskState', value='READY'}, Tag{name='nodeType', value='ELECTABLE'}, Tag{name='provider', value='AWS'}, Tag{name='region', value='SA_EAST_1'}, Tag{name='workloadType', value='OPERATIONAL'}]}, electionId=7fffffff000000000000000c, setVersion=2, topologyVersion=TopologyVersion{processId=660ffc4425c6e7999825c781, counter=6}, lastWriteDate=Sun Apr 14 08:26:22 BRT 2024, lastUpdateTimeNanos=209298204800}
2024-04-14T08:26:22.557-03:00  INFO 17280 --- [ngodb.net:27017] org.mongodb.driver.cluster               : Discovered replica set primary ac-gb69mf8-shard-00-02.kqngb1m.mongodb.net:27017 with max election id 7fffffff000000000000000c and max set version 2
2024-04-14T08:26:23.555-03:00  INFO 17280 --- [           main] b.c.e.e.EatSwiftBackendApplicationTests  : Started EatSwiftBackendApplicationTests in 2.788 seconds (process running for 3.675)
]]></system-out>
    <system-err><![CDATA[WARNING: A Java agent has been loaded dynamically (C:\Users\rodri\.m2\repository\net\bytebuddy\byte-buddy-agent\1.14.12\byte-buddy-agent-1.14.12.jar)
WARNING: If a serviceability tool is in use, please run with -XX:+EnableDynamicAgentLoading to hide this warning
WARNING: If a serviceability tool is not in use, please run with -Djdk.instrument.traceUsage for more information
WARNING: Dynamic loading of agents will be disallowed by default in a future release
]]></system-err>
  </testcase>
</testsuite>